<?xml version="1.0" encoding="UTF-8"?>
<!-- Generated by org.testng.reporters.JUnitReportReporter -->
<testsuite hostname="DESKTOP-6PLOTRS" failures="0" tests="4" name="practice.HttpRequest" time="15.307" errors="0" timestamp="2025-09-17T00:16:55 IST" skipped="0">
  <testcase classname="practice.HttpRequest" name="getUser" time="9.614"/>
  <testcase classname="practice.HttpRequest" name="createUser" time="4.373"/>
  <testcase classname="practice.HttpRequest" name="updateUser" time="0.825"/>
  <testcase classname="practice.HttpRequest" name="deleteUser" time="0.495"/>
</testsuite> <!-- practice.HttpRequest -->
