<?xml version="1.0" encoding="UTF-8"?>
<!-- Generated by org.testng.reporters.JUnitReportReporter -->
<testsuite hostname="DESKTOP-6PLOTRS" failures="0" tests="1" name="practice.cookiesDemo" time="5.369" errors="0" timestamp="2025-09-17T13:10:17 IST" skipped="0">
  <testcase classname="practice.cookiesDemo" name="getCookiesInfo" time="5.369"/>
</testsuite> <!-- practice.cookiesDemo -->
