<?xml version="1.0" encoding="UTF-8"?>
<!-- Generated by org.testng.reporters.JUnitReportReporter -->
<testsuite hostname="DESKTOP-6PLOTRS" failures="0" tests="1" name="tests.smoke" time="16.582" errors="0" timestamp="2025-09-14T21:30:22 IST" skipped="0">
  <testcase classname="tests.smoke" name="browserlaunch" time="16.582"/>
</testsuite> <!-- tests.smoke -->
