<?xml version="1.0" encoding="UTF-8"?>
<!-- Generated by org.testng.reporters.JUnitReportReporter -->
<testsuite hostname="DESKTOP-6PLOTRS" failures="0" tests="1" name="practice.parsingJSONResponseData" time="6.854" errors="0" timestamp="2025-09-17T19:05:34 IST" skipped="0">
  <testcase classname="practice.parsingJSONResponseData" name="parseJsonresponse" time="6.854"/>
</testsuite> <!-- practice.parsingJSONResponseData -->
