<?xml version="1.0" encoding="UTF-8"?>
<!-- Generated by org.testng.reporters.JUnitReportReporter -->
<testsuite hostname="DESKTOP-6PLOTRS" failures="0" tests="1" name="practice.headers" time="6.364" errors="0" timestamp="2025-09-17T14:17:28 IST" skipped="0">
  <testcase classname="practice.headers" name="getheaders" time="6.364"/>
</testsuite> <!-- practice.headers -->
