<?xml version="1.0" encoding="UTF-8"?>
<!-- Generated by org.testng.reporters.JUnitReportReporter -->
<testsuite hostname="DESKTOP-6PLOTRS" failures="0" tests="4" name="practice.HttpRequest" time="14.463" errors="0" timestamp="2025-09-19T23:45:17 IST" skipped="0">
  <testcase classname="practice.HttpRequest" name="getUser" time="7.770"/>
  <testcase classname="practice.HttpRequest" name="createUser" time="5.391"/>
  <testcase classname="practice.HttpRequest" name="updateUser" time="0.910"/>
  <testcase classname="practice.HttpRequest" name="deleteUser" time="0.392"/>
</testsuite> <!-- practice.HttpRequest -->
