<?xml version="1.0" encoding="UTF-8"?>
<!-- Generated by org.testng.reporters.JUnitReportReporter -->
<testsuite hostname="DESKTOP-6PLOTRS" failures="0" tests="1" name="tests.smoke" time="52.193" errors="0" timestamp="2025-09-19T23:45:17 IST" skipped="0">
  <testcase classname="tests.smoke" name="browserlaunch" time="52.193"/>
</testsuite> <!-- tests.smoke -->
